<?xml version="1.0" encoding="UTF-8"?>
<!-- Generated by org.testng.reporters.JUnitReportReporter -->
<testsuite skipped="0" hostname="DESKTOP-NPDFERQ" name="md.usm.automation.cucumber.DeleteArticleCucumber" tests="1" failures="0" timestamp="26 апр 2019 19:40:12 GMT" time="12.327" errors="0">
  <testcase name="runScenario" time="12.327" classname="md.usm.automation.cucumber.DeleteArticleCucumber"/>
</testsuite> <!-- md.usm.automation.cucumber.DeleteArticleCucumber -->
