<?xml version="1.0" encoding="UTF-8"?>
<!-- Generated by org.testng.reporters.JUnitReportReporter -->
<testsuite skipped="0" hostname="DESKTOP-NPDFERQ" name="md.usm.automation.tests.DeleteArticleTest" tests="1" failures="0" timestamp="26 апр 2019 11:48:32 GMT" time="5.871" errors="0">
  <testcase name="test" time="5.871" classname="md.usm.automation.tests.DeleteArticleTest"/>
</testsuite> <!-- md.usm.automation.tests.DeleteArticleTest -->
