<?xml version="1.0" encoding="UTF-8"?>
<!-- Generated by org.testng.reporters.JUnitReportReporter -->
<testsuite hostname="DESKTOP-M2D5Q7M" failures="0" tests="9" name="md.usm.automation.tests.hybrid.CreateArticleTestHybrid" time="10.565" errors="0" timestamp="02 мая 2019 19:31:16 GMT" skipped="0">
  <testcase classname="md.usm.automation.tests.hybrid.CreateArticleTestHybrid" name="testLogin" time="0.726"/>
  <testcase classname="md.usm.automation.tests.hybrid.CreateArticleTestHybrid" name="testLogin" time="0.142"/>
  <testcase classname="md.usm.automation.tests.hybrid.CreateArticleTestHybrid" name="testLogin" time="0.007"/>
  <testcase classname="md.usm.automation.tests.hybrid.CreateArticleTestHybrid" name="testLogin" time="0.004"/>
  <testcase classname="md.usm.automation.tests.hybrid.CreateArticleTestHybrid" name="testLogin" time="0.281"/>
  <testcase classname="md.usm.automation.tests.hybrid.CreateArticleTestHybrid" name="testLogin" time="6.708"/>
  <testcase classname="md.usm.automation.tests.hybrid.CreateArticleTestHybrid" name="testLogin" time="0.115"/>
  <testcase classname="md.usm.automation.tests.hybrid.CreateArticleTestHybrid" name="testLogin" time="2.544"/>
  <testcase classname="md.usm.automation.tests.hybrid.CreateArticleTestHybrid" name="testLogin" time="0.038"/>
</testsuite> <!-- md.usm.automation.tests.hybrid.CreateArticleTestHybrid -->
