<?xml version="1.0" encoding="UTF-8"?>
<!-- Generated by org.testng.reporters.JUnitReportReporter -->
<testsuite hostname="DESKTOP-M2D5Q7M" failures="0" tests="1" name="md.usm.automation.tests.MakeArticleStickyTest" time="8.810" errors="0" timestamp="01 мая 2019 17:46:16 GMT" skipped="0">
  <testcase classname="md.usm.automation.tests.MakeArticleStickyTest" name="makeArticleSticky" time="8.810"/>
</testsuite> <!-- md.usm.automation.tests.MakeArticleStickyTest -->
