<?xml version="1.0" encoding="UTF-8"?>
<!-- Generated by org.testng.reporters.JUnitReportReporter -->
<testsuite skipped="0" hostname="DESKTOP-NPDFERQ" name="md.usm.automation.tests.ManageShortcutTest" tests="1" failures="0" timestamp="28 апр 2019 19:36:41 GMT" time="3.150" errors="0">
  <testcase name="addShortcutTest" time="3.150" classname="md.usm.automation.tests.ManageShortcutTest"/>
</testsuite> <!-- md.usm.automation.tests.ManageShortcutTest -->
