<?xml version="1.0" encoding="UTF-8"?>
<!-- Generated by org.testng.reporters.JUnitReportReporter -->
<testsuite skipped="0" hostname="DESKTOP-NPDFERQ" name="md.usm.automation.CreateArticleTest" tests="1" failures="0" timestamp="25 апр 2019 15:25:34 GMT" time="2.683" errors="0">
  <testcase name="test" time="2.683" classname="md.usm.automation.CreateArticleTest"/>
</testsuite> <!-- md.usm.automation.CreateArticleTest -->
