<?xml version="1.0" encoding="UTF-8"?>
<!-- Generated by org.testng.reporters.JUnitReportReporter -->
<testsuite skipped="0" hostname="DESKTOP-NPDFERQ" name="md.usm.automation.tests.ArticleTest" tests="1" failures="0" timestamp="26 апр 2019 13:00:33 GMT" time="12.679" errors="0">
  <testcase name="test" time="12.679" classname="md.usm.automation.tests.ArticleTest"/>
</testsuite> <!-- md.usm.automation.tests.ArticleTest -->
