<?xml version="1.0" encoding="UTF-8"?>
<!-- Generated by org.testng.reporters.JUnitReportReporter -->
<testsuite skipped="0" hostname="DESKTOP-NPDFERQ" name="md.usm.automation.BaseTest" tests="1" failures="0" timestamp="25 апр 2019 13:36:01 GMT" time="0.007" errors="0">
  <testcase name="test" time="0.007" classname="md.usm.automation.BaseTest"/>
</testsuite> <!-- md.usm.automation.BaseTest -->
