<?xml version="1.0" encoding="UTF-8"?>
<!-- Generated by org.testng.reporters.JUnitReportReporter -->
<testsuite hostname="DESKTOP-M2D5Q7M" failures="0" tests="1" name="test.tests.basic.DeleteCommentTest" time="13.427" errors="0" timestamp="16 мая 2019 18:49:13 GMT" skipped="0">
  <testcase classname="test.tests.basic.DeleteCommentTest" name="deleteCommentTest" time="13.427"/>
</testsuite> <!-- test.tests.basic.DeleteCommentTest -->
