<?xml version="1.0" encoding="UTF-8"?>
<!-- Generated by org.testng.reporters.JUnitReportReporter -->
<testsuite hostname="DESKTOP-M2D5Q7M" failures="0" tests="1" name="test.tests.basic.CreateArticleTest" time="17.996" errors="0" timestamp="15 мая 2019 14:42:29 GMT" skipped="0">
  <testcase classname="test.tests.basic.CreateArticleTest" name="createArticleTest" time="17.996"/>
</testsuite> <!-- test.tests.basic.CreateArticleTest -->
