<?xml version="1.0" encoding="UTF-8"?>
<!-- Generated by org.testng.reporters.JUnitReportReporter -->
<testsuite hostname="DESKTOP-M2D5Q7M" failures="0" tests="1" name="test.tests.basic.CreateArticleComment" time="19.330" errors="0" timestamp="11 мая 2019 15:06:59 GMT" skipped="0">
  <testcase classname="test.tests.basic.CreateArticleComment" name="createArticleComment" time="19.330"/>
</testsuite> <!-- test.tests.basic.CreateArticleComment -->
