<?xml version="1.0" encoding="UTF-8"?>
<!-- Generated by org.testng.reporters.JUnitReportReporter -->
<testsuite hostname="DESKTOP-M2D5Q7M" failures="0" tests="1" name="test.tests.basic.CreateArticleTest" time="6.607" errors="0" timestamp="04 мая 2019 07:41:57 GMT" skipped="0">
  <testcase classname="test.tests.basic.CreateArticleTest" name="test" time="6.607"/>
</testsuite> <!-- test.tests.basic.CreateArticleTest -->
