<?xml version="1.0" encoding="UTF-8"?>
<!-- Generated by org.testng.reporters.JUnitReportReporter -->
<testsuite hostname="DESKTOP-M2D5Q7M" failures="0" tests="9" name="test.tests.hybrid.CreateArticleTestHybrid" time="10.992" errors="0" timestamp="04 мая 2019 07:42:59 GMT" skipped="0">
  <testcase classname="test.tests.hybrid.CreateArticleTestHybrid" name="testLogin" time="0.022"/>
  <testcase classname="test.tests.hybrid.CreateArticleTestHybrid" name="testLogin" time="0.009"/>
  <testcase classname="test.tests.hybrid.CreateArticleTestHybrid" name="testLogin" time="1.008"/>
  <testcase classname="test.tests.hybrid.CreateArticleTestHybrid" name="testLogin" time="0.398"/>
  <testcase classname="test.tests.hybrid.CreateArticleTestHybrid" name="testLogin" time="0.041"/>
  <testcase classname="test.tests.hybrid.CreateArticleTestHybrid" name="testLogin" time="4.677"/>
  <testcase classname="test.tests.hybrid.CreateArticleTestHybrid" name="testLogin" time="4.787"/>
  <testcase classname="test.tests.hybrid.CreateArticleTestHybrid" name="testLogin" time="0.001"/>
  <testcase classname="test.tests.hybrid.CreateArticleTestHybrid" name="testLogin" time="0.049"/>
</testsuite> <!-- test.tests.hybrid.CreateArticleTestHybrid -->
