<?xml version="1.0" encoding="UTF-8"?>
<!-- Generated by org.testng.reporters.JUnitReportReporter -->
<testsuite hostname="DESKTOP-M2D5Q7M" failures="0" tests="3" name="test.intro.ParkingCalculatorTest" time="23.059" errors="0" timestamp="12 мая 2019 14:54:20 GMT" skipped="0">
  <testcase classname="test.intro.ParkingCalculatorTest" name="test" time="7.683"/>
  <testcase classname="test.intro.ParkingCalculatorTest" name="test" time="7.365"/>
  <testcase classname="test.intro.ParkingCalculatorTest" name="test" time="8.011"/>
</testsuite> <!-- test.intro.ParkingCalculatorTest -->
