<?xml version="1.0" encoding="UTF-8"?>
<!-- Generated by org.testng.reporters.JUnitReportReporter -->
<testsuite skipped="0" hostname="DESKTOP-NPDFERQ" name="md.usm.automation.tests.CloseArticleComments" tests="1" failures="0" timestamp="26 апр 2019 13:52:54 GMT" time="10.419" errors="0">
  <testcase name="test" time="10.419" classname="md.usm.automation.tests.CloseArticleComments"/>
</testsuite> <!-- md.usm.automation.tests.CloseArticleComments -->
